#-----------------------------------------------------------
# Webtalk v2018.2.1 (64-bit)
# SW Build 2288692 on Thu Jul 26 18:23:50 MDT 2018
# 
# Start of session at: Tue Dec 18 13:41:31 2018
# Process ID: 7908
# Current directory: /home/esi/workspace/Vivado_2018.2/zcu104/fft/fft.sdk/webtalk
# Command line: wbtcv -mode batch -source sdk_webtalk.tcl
# Log file: /home/esi/workspace/Vivado_2018.2/zcu104/fft/fft.sdk/webtalk/webtalk.log
# Journal file: /home/esi/workspace/Vivado_2018.2/zcu104/fft/fft.sdk/webtalk/webtalk.jou
#-----------------------------------------------------------
source sdk_webtalk.tcl
# webtalk_init -webtalk_dir /home/esi/workspace/Vivado_2018.2/zcu104/fft/fft.sdk/webtalk
# webtalk_register_client -client project
# webtalk_add_data -client project -key date_generated -value "2018-12-18 13:41:29" -context "software_version_and_target_device"
# webtalk_add_data -client project -key product_version -value "SDK v2018.2" -context "software_version_and_target_device"
# webtalk_add_data -client project -key build_version -value "2018.2" -context "software_version_and_target_device"
# webtalk_add_data -client project -key os_platform -value "amd64" -context "software_version_and_target_device"
# webtalk_add_data -client project -key registration_id -value "210692941_0_0_230" -context "software_version_and_target_device"
# webtalk_add_data -client project -key tool_flow -value "SDK" -context "software_version_and_target_device"
# webtalk_add_data -client project -key beta -value "false" -context "software_version_and_target_device"
# webtalk_add_data -client project -key route_design -value "NA" -context "software_version_and_target_device"
# webtalk_add_data -client project -key target_family -value "NA" -context "software_version_and_target_device"
# webtalk_add_data -client project -key target_device -value "NA" -context "software_version_and_target_device"
# webtalk_add_data -client project -key target_package -value "NA" -context "software_version_and_target_device"
# webtalk_add_data -client project -key target_speed -value "NA" -context "software_version_and_target_device"
# webtalk_add_data -client project -key random_id -value "snrdusqdpc1tpl1du8q2aji0gf" -context "software_version_and_target_device"
# webtalk_add_data -client project -key project_id -value "2018.2_22" -context "software_version_and_target_device"
# webtalk_add_data -client project -key project_iteration -value "22" -context "software_version_and_target_device"
# webtalk_add_data -client project -key os_name -value "CentOS" -context "user_environment"
# webtalk_add_data -client project -key os_release -value "CentOS Linux release 7.5.1804 (Core)" -context "user_environment"
# webtalk_add_data -client project -key cpu_name -value "Intel(R) Core(TM) i7-4510U CPU @ 2.00GHz" -context "user_environment"
# webtalk_add_data -client project -key cpu_speed -value "2799.951 MHz" -context "user_environment"
# webtalk_add_data -client project -key total_processors -value "1" -context "user_environment"
# webtalk_add_data -client project -key system_ram -value "16.589 GB" -context "user_environment"
# webtalk_register_client -client sdk
# webtalk_add_data -client sdk -key uid -value "1545113433000" -context "sdk\\\\bsp/1545113433000"
# webtalk_add_data -client sdk -key hwid -value "1545063358000" -context "sdk\\\\bsp/1545113433000"
# webtalk_add_data -client sdk -key os -value "standalone" -context "sdk\\\\bsp/1545113433000"
# webtalk_add_data -client sdk -key apptemplate -value "hello_world" -context "sdk\\\\bsp/1545113433000"
# webtalk_add_data -client sdk -key RecordType -value "BSPCreation" -context "sdk\\\\bsp/1545113433000"
# webtalk_add_data -client sdk -key uid -value "1545113435000" -context "sdk\\\\application/1545113435000"
# webtalk_add_data -client sdk -key hwid -value "1545063358000" -context "sdk\\\\application/1545113435000"
# webtalk_add_data -client sdk -key bspid -value "1545113433000" -context "sdk\\\\application/1545113435000"
# webtalk_add_data -client sdk -key newbsp -value "true" -context "sdk\\\\application/1545113435000"
# webtalk_add_data -client sdk -key os -value "standalone" -context "sdk\\\\application/1545113435000"
# webtalk_add_data -client sdk -key apptemplate -value "hello_world" -context "sdk\\\\application/1545113435000"
# webtalk_add_data -client sdk -key RecordType -value "APPCreation" -context "sdk\\\\application/1545113435000"
# webtalk_add_data -client sdk -key LangUsed -value "C" -context "sdk\\\\application/1545113435000"
# webtalk_add_data -client sdk -key Procused -value "psu_cortexa53" -context "sdk\\\\application/1545113435000"
# webtalk_add_data -client sdk -key projSize -value "225.734375" -context "sdk\\\\application/1545113435000"
# webtalk_add_data -client sdk -key uid -value "NA" -context "sdk\\\\bsp/1545115289052"
# webtalk_add_data -client sdk -key RecordType -value "ToolUsage" -context "sdk\\\\bsp/1545115289052"
# webtalk_add_data -client sdk -key BootgenCount -value "0" -context "sdk\\\\bsp/1545115289052"
# webtalk_add_data -client sdk -key DebugCount -value "4" -context "sdk\\\\bsp/1545115289052"
# webtalk_add_data -client sdk -key PerfCount -value "0" -context "sdk\\\\bsp/1545115289052"
# webtalk_add_data -client sdk -key FlashCount -value "0" -context "sdk\\\\bsp/1545115289052"
# webtalk_add_data -client sdk -key CrossTriggCount -value "0" -context "sdk\\\\bsp/1545115289052"
# webtalk_add_data -client sdk -key QemuDebugCount -value "0" -context "sdk\\\\bsp/1545115289052"
# webtalk_transmit -clientid 2335497194 -regid "210692941_0_0_230" -xml /home/esi/workspace/Vivado_2018.2/zcu104/fft/fft.sdk/webtalk/usage_statistics_ext_sdk.xml -html /home/esi/workspace/Vivado_2018.2/zcu104/fft/fft.sdk/webtalk/usage_statistics_ext_sdk.html -wdm /home/esi/workspace/Vivado_2018.2/zcu104/fft/fft.sdk/webtalk/sdk_webtalk.wdm -intro "<H3>SDK Usage Report</H3><BR>"
INFO: [Common 17-186] '/home/esi/workspace/Vivado_2018.2/zcu104/fft/fft.sdk/webtalk/usage_statistics_ext_sdk.xml' has been successfully sent to Xilinx on Tue Dec 18 13:41:36 2018. For additional details about this file, please refer to the WebTalk help file at /mnt/hd_ext/Xilinx/SDK/2018.2/doc/webtalk_introduction.html.
webtalk_transmit: Time (s): cpu = 00:00:01 ; elapsed = 00:00:05 . Memory (MB): peak = 393.387 ; gain = 0.000 ; free physical = 6537 ; free virtual = 26382
# webtalk_terminate
INFO: [Common 17-206] Exiting Webtalk at Tue Dec 18 13:41:36 2018...
