#-----------------------------------------------------------
# Webtalk v2018.2.1 (64-bit)
# SW Build 2288692 on Thu Jul 26 18:23:50 MDT 2018
# 
# Start of session at: Mon Dec 24 22:20:34 2018
# Process ID: 32493
# Current directory: /home/esi/workspace/Vivado_2018.2/zcu104/fft/fft.sdk/webtalk
# Command line: wbtcv -mode batch -source sdk_webtalk.tcl
# Log file: /home/esi/workspace/Vivado_2018.2/zcu104/fft/fft.sdk/webtalk/webtalk.log
# Journal file: /home/esi/workspace/Vivado_2018.2/zcu104/fft/fft.sdk/webtalk/webtalk.jou
#-----------------------------------------------------------
source sdk_webtalk.tcl
# webtalk_init -webtalk_dir /home/esi/workspace/Vivado_2018.2/zcu104/fft/fft.sdk/webtalk
# webtalk_register_client -client project
# webtalk_add_data -client project -key date_generated -value "2018-12-24 22:20:32" -context "software_version_and_target_device"
# webtalk_add_data -client project -key product_version -value "SDK v2018.2" -context "software_version_and_target_device"
# webtalk_add_data -client project -key build_version -value "2018.2" -context "software_version_and_target_device"
# webtalk_add_data -client project -key os_platform -value "amd64" -context "software_version_and_target_device"
# webtalk_add_data -client project -key registration_id -value "210692941_0_0_230" -context "software_version_and_target_device"
# webtalk_add_data -client project -key tool_flow -value "SDK" -context "software_version_and_target_device"
# webtalk_add_data -client project -key beta -value "false" -context "software_version_and_target_device"
# webtalk_add_data -client project -key route_design -value "NA" -context "software_version_and_target_device"
# webtalk_add_data -client project -key target_family -value "NA" -context "software_version_and_target_device"
# webtalk_add_data -client project -key target_device -value "NA" -context "software_version_and_target_device"
# webtalk_add_data -client project -key target_package -value "NA" -context "software_version_and_target_device"
# webtalk_add_data -client project -key target_speed -value "NA" -context "software_version_and_target_device"
# webtalk_add_data -client project -key random_id -value "d8u2udac6cqs3uheevvrp7qu0c" -context "software_version_and_target_device"
# webtalk_add_data -client project -key project_id -value "2018.2_25" -context "software_version_and_target_device"
# webtalk_add_data -client project -key project_iteration -value "25" -context "software_version_and_target_device"
# webtalk_add_data -client project -key os_name -value "CentOS" -context "user_environment"
# webtalk_add_data -client project -key os_release -value "CentOS Linux release 7.5.1804 (Core)" -context "user_environment"
# webtalk_add_data -client project -key cpu_name -value "Intel(R) Core(TM) i7-4510U CPU @ 2.00GHz" -context "user_environment"
# webtalk_add_data -client project -key cpu_speed -value "2595.080 MHz" -context "user_environment"
# webtalk_add_data -client project -key total_processors -value "1" -context "user_environment"
# webtalk_add_data -client project -key system_ram -value "16.589 GB" -context "user_environment"
# webtalk_register_client -client sdk
# webtalk_add_data -client sdk -key uid -value "1545638132000" -context "sdk\\\\bsp/1545638132000"
# webtalk_add_data -client sdk -key hwid -value "1545063358000" -context "sdk\\\\bsp/1545638132000"
# webtalk_add_data -client sdk -key os -value "standalone" -context "sdk\\\\bsp/1545638132000"
# webtalk_add_data -client sdk -key apptemplate -value "hello_world" -context "sdk\\\\bsp/1545638132000"
# webtalk_add_data -client sdk -key RecordType -value "BSPCreation" -context "sdk\\\\bsp/1545638132000"
# webtalk_add_data -client sdk -key uid -value "1545638133000" -context "sdk\\\\application/1545638133000"
# webtalk_add_data -client sdk -key hwid -value "1545063358000" -context "sdk\\\\application/1545638133000"
# webtalk_add_data -client sdk -key bspid -value "1545638132000" -context "sdk\\\\application/1545638133000"
# webtalk_add_data -client sdk -key newbsp -value "true" -context "sdk\\\\application/1545638133000"
# webtalk_add_data -client sdk -key os -value "standalone" -context "sdk\\\\application/1545638133000"
# webtalk_add_data -client sdk -key apptemplate -value "hello_world" -context "sdk\\\\application/1545638133000"
# webtalk_add_data -client sdk -key RecordType -value "APPCreation" -context "sdk\\\\application/1545638133000"
# webtalk_add_data -client sdk -key LangUsed -value "C" -context "sdk\\\\application/1545638133000"
# webtalk_add_data -client sdk -key Procused -value "psu_cortexa53" -context "sdk\\\\application/1545638133000"
# webtalk_add_data -client sdk -key uid -value "1545644610000" -context "sdk\\\\bsp/1545644610000"
# webtalk_add_data -client sdk -key hwid -value "1545063358000" -context "sdk\\\\bsp/1545644610000"
# webtalk_add_data -client sdk -key os -value "standalone" -context "sdk\\\\bsp/1545644610000"
# webtalk_add_data -client sdk -key apptemplate -value "hello_world" -context "sdk\\\\bsp/1545644610000"
# webtalk_add_data -client sdk -key RecordType -value "BSPCreation" -context "sdk\\\\bsp/1545644610000"
# webtalk_add_data -client sdk -key uid -value "1545644611000" -context "sdk\\\\application/1545644611000"
# webtalk_add_data -client sdk -key hwid -value "1545063358000" -context "sdk\\\\application/1545644611000"
# webtalk_add_data -client sdk -key bspid -value "1545644610000" -context "sdk\\\\application/1545644611000"
# webtalk_add_data -client sdk -key newbsp -value "true" -context "sdk\\\\application/1545644611000"
# webtalk_add_data -client sdk -key os -value "standalone" -context "sdk\\\\application/1545644611000"
# webtalk_add_data -client sdk -key apptemplate -value "hello_world" -context "sdk\\\\application/1545644611000"
# webtalk_add_data -client sdk -key RecordType -value "APPCreation" -context "sdk\\\\application/1545644611000"
# webtalk_add_data -client sdk -key LangUsed -value "C" -context "sdk\\\\application/1545644611000"
# webtalk_add_data -client sdk -key Procused -value "psu_cortexa53" -context "sdk\\\\application/1545644611000"
# webtalk_add_data -client sdk -key projSize -value "225.3515625" -context "sdk\\\\application/1545644611000"
# webtalk_add_data -client sdk -key uid -value "NA" -context "sdk\\\\bsp/1545664832921"
# webtalk_add_data -client sdk -key RecordType -value "ToolUsage" -context "sdk\\\\bsp/1545664832921"
# webtalk_add_data -client sdk -key BootgenCount -value "0" -context "sdk\\\\bsp/1545664832921"
# webtalk_add_data -client sdk -key DebugCount -value "115" -context "sdk\\\\bsp/1545664832921"
# webtalk_add_data -client sdk -key PerfCount -value "0" -context "sdk\\\\bsp/1545664832921"
# webtalk_add_data -client sdk -key FlashCount -value "0" -context "sdk\\\\bsp/1545664832921"
# webtalk_add_data -client sdk -key CrossTriggCount -value "0" -context "sdk\\\\bsp/1545664832921"
# webtalk_add_data -client sdk -key QemuDebugCount -value "0" -context "sdk\\\\bsp/1545664832921"
# webtalk_transmit -clientid 2165929979 -regid "210692941_0_0_230" -xml /home/esi/workspace/Vivado_2018.2/zcu104/fft/fft.sdk/webtalk/usage_statistics_ext_sdk.xml -html /home/esi/workspace/Vivado_2018.2/zcu104/fft/fft.sdk/webtalk/usage_statistics_ext_sdk.html -wdm /home/esi/workspace/Vivado_2018.2/zcu104/fft/fft.sdk/webtalk/sdk_webtalk.wdm -intro "<H3>SDK Usage Report</H3><BR>"
INFO: [Common 17-186] '/home/esi/workspace/Vivado_2018.2/zcu104/fft/fft.sdk/webtalk/usage_statistics_ext_sdk.xml' has been successfully sent to Xilinx on Mon Dec 24 22:20:38 2018. For additional details about this file, please refer to the WebTalk help file at /mnt/hd_ext/Xilinx/SDK/2018.2/doc/webtalk_introduction.html.
# webtalk_terminate
INFO: [Common 17-206] Exiting Webtalk at Mon Dec 24 22:20:38 2018...
