
*** Running vivado
    with args -log system_blk_mem_gen_2_0.vds -m64 -product Vivado -mode batch -messageDb vivado.pb -notrace -source system_blk_mem_gen_2_0.tcl


****** Vivado v2018.3 (64-bit)
  **** SW Build 2405991 on Thu Dec  6 23:38:27 MST 2018
  **** IP Build 2404404 on Fri Dec  7 01:43:56 MST 2018
    ** Copyright 1986-2018 Xilinx, Inc. All Rights Reserved.

source system_blk_mem_gen_2_0.tcl -notrace
Command: synth_design -top system_blk_mem_gen_2_0 -part xczu7ev-ffvc1156-2-e -mode out_of_context
Starting synth_design
Attempting to get a license for feature 'Synthesis' and/or device 'xczu7ev'
INFO: [Common 17-349] Got license for feature 'Synthesis' and/or device 'xczu7ev'
INFO: Launching helper process for spawning children vivado processes
INFO: Helper process launched with PID 24732 
---------------------------------------------------------------------------------
Starting RTL Elaboration : Time (s): cpu = 00:00:11 ; elapsed = 00:00:15 . Memory (MB): peak = 470.051 ; gain = 95.445
---------------------------------------------------------------------------------
INFO: [Synth 8-638] synthesizing module 'system_blk_mem_gen_2_0' [d:/workspace/Vivado_2018.3/zcu104/fft2/fft2.srcs/sources_1/bd/system/ip/system_blk_mem_gen_2_0/synth/system_blk_mem_gen_2_0.vhd:76]
	Parameter C_FAMILY bound to: zynquplus - type: string 
	Parameter C_XDEVICEFAMILY bound to: zynquplus - type: string 
	Parameter C_ELABORATION_DIR bound to: ./ - type: string 
	Parameter C_INTERFACE_TYPE bound to: 0 - type: integer 
	Parameter C_AXI_TYPE bound to: 1 - type: integer 
	Parameter C_AXI_SLAVE_TYPE bound to: 0 - type: integer 
	Parameter C_USE_BRAM_BLOCK bound to: 0 - type: integer 
	Parameter C_ENABLE_32BIT_ADDRESS bound to: 0 - type: integer 
	Parameter C_CTRL_ECC_ALGO bound to: NONE - type: string 
	Parameter C_HAS_AXI_ID bound to: 0 - type: integer 
	Parameter C_AXI_ID_WIDTH bound to: 4 - type: integer 
	Parameter C_MEM_TYPE bound to: 2 - type: integer 
	Parameter C_BYTE_SIZE bound to: 9 - type: integer 
	Parameter C_ALGORITHM bound to: 1 - type: integer 
	Parameter C_PRIM_TYPE bound to: 1 - type: integer 
	Parameter C_LOAD_INIT_FILE bound to: 0 - type: integer 
	Parameter C_INIT_FILE_NAME bound to: no_coe_file_loaded - type: string 
	Parameter C_INIT_FILE bound to: NONE - type: string 
	Parameter C_USE_DEFAULT_DATA bound to: 0 - type: integer 
	Parameter C_DEFAULT_DATA bound to: 0 - type: string 
	Parameter C_HAS_RSTA bound to: 0 - type: integer 
	Parameter C_RST_PRIORITY_A bound to: CE - type: string 
	Parameter C_RSTRAM_A bound to: 0 - type: integer 
	Parameter C_INITA_VAL bound to: 0 - type: string 
	Parameter C_HAS_ENA bound to: 1 - type: integer 
	Parameter C_HAS_REGCEA bound to: 0 - type: integer 
	Parameter C_USE_BYTE_WEA bound to: 0 - type: integer 
	Parameter C_WEA_WIDTH bound to: 1 - type: integer 
	Parameter C_WRITE_MODE_A bound to: WRITE_FIRST - type: string 
	Parameter C_WRITE_WIDTH_A bound to: 18 - type: integer 
	Parameter C_READ_WIDTH_A bound to: 18 - type: integer 
	Parameter C_WRITE_DEPTH_A bound to: 16384 - type: integer 
	Parameter C_READ_DEPTH_A bound to: 16384 - type: integer 
	Parameter C_ADDRA_WIDTH bound to: 14 - type: integer 
	Parameter C_HAS_RSTB bound to: 0 - type: integer 
	Parameter C_RST_PRIORITY_B bound to: CE - type: string 
	Parameter C_RSTRAM_B bound to: 0 - type: integer 
	Parameter C_INITB_VAL bound to: 0 - type: string 
	Parameter C_HAS_ENB bound to: 1 - type: integer 
	Parameter C_HAS_REGCEB bound to: 0 - type: integer 
	Parameter C_USE_BYTE_WEB bound to: 0 - type: integer 
	Parameter C_WEB_WIDTH bound to: 1 - type: integer 
	Parameter C_WRITE_MODE_B bound to: WRITE_FIRST - type: string 
	Parameter C_WRITE_WIDTH_B bound to: 18 - type: integer 
	Parameter C_READ_WIDTH_B bound to: 18 - type: integer 
	Parameter C_WRITE_DEPTH_B bound to: 16384 - type: integer 
	Parameter C_READ_DEPTH_B bound to: 16384 - type: integer 
	Parameter C_ADDRB_WIDTH bound to: 14 - type: integer 
	Parameter C_HAS_MEM_OUTPUT_REGS_A bound to: 0 - type: integer 
	Parameter C_HAS_MEM_OUTPUT_REGS_B bound to: 0 - type: integer 
	Parameter C_HAS_MUX_OUTPUT_REGS_A bound to: 0 - type: integer 
	Parameter C_HAS_MUX_OUTPUT_REGS_B bound to: 0 - type: integer 
	Parameter C_MUX_PIPELINE_STAGES bound to: 0 - type: integer 
	Parameter C_HAS_SOFTECC_INPUT_REGS_A bound to: 0 - type: integer 
	Parameter C_HAS_SOFTECC_OUTPUT_REGS_B bound to: 0 - type: integer 
	Parameter C_USE_SOFTECC bound to: 0 - type: integer 
	Parameter C_USE_ECC bound to: 0 - type: integer 
	Parameter C_EN_ECC_PIPE bound to: 0 - type: integer 
	Parameter C_READ_LATENCY_A bound to: 1 - type: integer 
	Parameter C_READ_LATENCY_B bound to: 1 - type: integer 
	Parameter C_HAS_INJECTERR bound to: 0 - type: integer 
	Parameter C_SIM_COLLISION_CHECK bound to: ALL - type: string 
	Parameter C_COMMON_CLK bound to: 0 - type: integer 
	Parameter C_DISABLE_WARN_BHV_COLL bound to: 0 - type: integer 
	Parameter C_EN_SLEEP_PIN bound to: 0 - type: integer 
	Parameter C_USE_URAM bound to: 0 - type: integer 
	Parameter C_EN_RDADDRA_CHG bound to: 0 - type: integer 
	Parameter C_EN_RDADDRB_CHG bound to: 0 - type: integer 
	Parameter C_EN_DEEPSLEEP_PIN bound to: 0 - type: integer 
	Parameter C_EN_SHUTDOWN_PIN bound to: 0 - type: integer 
	Parameter C_EN_SAFETY_CKT bound to: 0 - type: integer 
	Parameter C_DISABLE_WARN_BHV_RANGE bound to: 0 - type: integer 
	Parameter C_COUNT_36K_BRAM bound to: 8 - type: string 
	Parameter C_COUNT_18K_BRAM bound to: 0 - type: string 
	Parameter C_EST_POWER_SUMMARY bound to: Estimated Power for IP     :     9.889992 mW - type: string 
INFO: [Synth 8-3491] module 'blk_mem_gen_v8_4_2' declared at 'd:/workspace/Vivado_2018.3/zcu104/fft2/fft2.srcs/sources_1/bd/system/ipshared/37c2/hdl/blk_mem_gen_v8_4_vhsyn_rfs.vhd:195321' bound to instance 'U0' of component 'blk_mem_gen_v8_4_2' [d:/workspace/Vivado_2018.3/zcu104/fft2/fft2.srcs/sources_1/bd/system/ip/system_blk_mem_gen_2_0/synth/system_blk_mem_gen_2_0.vhd:249]
INFO: [Synth 8-256] done synthesizing module 'system_blk_mem_gen_2_0' (11#1) [d:/workspace/Vivado_2018.3/zcu104/fft2/fft2.srcs/sources_1/bd/system/ip/system_blk_mem_gen_2_0/synth/system_blk_mem_gen_2_0.vhd:76]
WARNING: [Synth 8-3331] design blk_mem_gen_mux__parameterized0 has unconnected port MUX_RST[0]
WARNING: [Synth 8-3331] design blk_mem_gen_mux__parameterized0 has unconnected port MEM_LAT_RST
WARNING: [Synth 8-3331] design blk_mem_gen_mux__parameterized0 has unconnected port MEM_REG_RST
WARNING: [Synth 8-3331] design blk_mem_gen_mux__parameterized0 has unconnected port MUX_REGCE[0]
WARNING: [Synth 8-3331] design blk_mem_gen_mux__parameterized0 has unconnected port MEM_REGCE
WARNING: [Synth 8-3331] design blk_mem_gen_mux__parameterized0 has unconnected port WE
WARNING: [Synth 8-3331] design blk_mem_gen_mux__parameterized0 has unconnected port ADDR_IN[13]
WARNING: [Synth 8-3331] design blk_mem_gen_mux__parameterized0 has unconnected port ADDR_IN[12]
WARNING: [Synth 8-3331] design blk_mem_gen_mux__parameterized0 has unconnected port ADDR_IN[11]
WARNING: [Synth 8-3331] design blk_mem_gen_mux__parameterized0 has unconnected port ADDR_IN[10]
WARNING: [Synth 8-3331] design blk_mem_gen_mux__parameterized0 has unconnected port ADDR_IN[9]
WARNING: [Synth 8-3331] design blk_mem_gen_mux__parameterized0 has unconnected port ADDR_IN[8]
WARNING: [Synth 8-3331] design blk_mem_gen_mux__parameterized0 has unconnected port ADDR_IN[7]
WARNING: [Synth 8-3331] design blk_mem_gen_mux__parameterized0 has unconnected port ADDR_IN[6]
WARNING: [Synth 8-3331] design blk_mem_gen_mux__parameterized0 has unconnected port ADDR_IN[5]
WARNING: [Synth 8-3331] design blk_mem_gen_mux__parameterized0 has unconnected port ADDR_IN[4]
WARNING: [Synth 8-3331] design blk_mem_gen_mux__parameterized0 has unconnected port ADDR_IN[3]
WARNING: [Synth 8-3331] design blk_mem_gen_mux__parameterized0 has unconnected port ADDR_IN[2]
WARNING: [Synth 8-3331] design blk_mem_gen_mux__parameterized0 has unconnected port ADDR_IN[1]
WARNING: [Synth 8-3331] design blk_mem_gen_mux__parameterized0 has unconnected port ADDR_IN[0]
WARNING: [Synth 8-3331] design blk_mem_gen_mux__parameterized0 has unconnected port SBITERRIN[7]
WARNING: [Synth 8-3331] design blk_mem_gen_mux__parameterized0 has unconnected port SBITERRIN[6]
WARNING: [Synth 8-3331] design blk_mem_gen_mux__parameterized0 has unconnected port SBITERRIN[5]
WARNING: [Synth 8-3331] design blk_mem_gen_mux__parameterized0 has unconnected port SBITERRIN[4]
WARNING: [Synth 8-3331] design blk_mem_gen_mux__parameterized0 has unconnected port SBITERRIN[3]
WARNING: [Synth 8-3331] design blk_mem_gen_mux__parameterized0 has unconnected port SBITERRIN[2]
WARNING: [Synth 8-3331] design blk_mem_gen_mux__parameterized0 has unconnected port SBITERRIN[1]
WARNING: [Synth 8-3331] design blk_mem_gen_mux__parameterized0 has unconnected port SBITERRIN[0]
WARNING: [Synth 8-3331] design blk_mem_gen_mux__parameterized0 has unconnected port DBITERRIN[7]
WARNING: [Synth 8-3331] design blk_mem_gen_mux__parameterized0 has unconnected port DBITERRIN[6]
WARNING: [Synth 8-3331] design blk_mem_gen_mux__parameterized0 has unconnected port DBITERRIN[5]
WARNING: [Synth 8-3331] design blk_mem_gen_mux__parameterized0 has unconnected port DBITERRIN[4]
WARNING: [Synth 8-3331] design blk_mem_gen_mux__parameterized0 has unconnected port DBITERRIN[3]
WARNING: [Synth 8-3331] design blk_mem_gen_mux__parameterized0 has unconnected port DBITERRIN[2]
WARNING: [Synth 8-3331] design blk_mem_gen_mux__parameterized0 has unconnected port DBITERRIN[1]
WARNING: [Synth 8-3331] design blk_mem_gen_mux__parameterized0 has unconnected port DBITERRIN[0]
WARNING: [Synth 8-3331] design blk_mem_gen_mux__parameterized0 has unconnected port ECCPIPECE
WARNING: [Synth 8-3331] design blk_mem_gen_mux has unconnected port MUX_RST[0]
WARNING: [Synth 8-3331] design blk_mem_gen_mux has unconnected port MEM_LAT_RST
WARNING: [Synth 8-3331] design blk_mem_gen_mux has unconnected port MEM_REG_RST
WARNING: [Synth 8-3331] design blk_mem_gen_mux has unconnected port MUX_REGCE[0]
WARNING: [Synth 8-3331] design blk_mem_gen_mux has unconnected port MEM_REGCE
WARNING: [Synth 8-3331] design blk_mem_gen_mux has unconnected port WE
WARNING: [Synth 8-3331] design blk_mem_gen_mux has unconnected port ADDR_IN[13]
WARNING: [Synth 8-3331] design blk_mem_gen_mux has unconnected port ADDR_IN[12]
WARNING: [Synth 8-3331] design blk_mem_gen_mux has unconnected port ADDR_IN[11]
WARNING: [Synth 8-3331] design blk_mem_gen_mux has unconnected port ADDR_IN[10]
WARNING: [Synth 8-3331] design blk_mem_gen_mux has unconnected port ADDR_IN[9]
WARNING: [Synth 8-3331] design blk_mem_gen_mux has unconnected port ADDR_IN[8]
WARNING: [Synth 8-3331] design blk_mem_gen_mux has unconnected port ADDR_IN[7]
WARNING: [Synth 8-3331] design blk_mem_gen_mux has unconnected port ADDR_IN[6]
WARNING: [Synth 8-3331] design blk_mem_gen_mux has unconnected port ADDR_IN[5]
WARNING: [Synth 8-3331] design blk_mem_gen_mux has unconnected port ADDR_IN[4]
WARNING: [Synth 8-3331] design blk_mem_gen_mux has unconnected port ADDR_IN[3]
WARNING: [Synth 8-3331] design blk_mem_gen_mux has unconnected port ADDR_IN[2]
WARNING: [Synth 8-3331] design blk_mem_gen_mux has unconnected port ADDR_IN[1]
WARNING: [Synth 8-3331] design blk_mem_gen_mux has unconnected port ADDR_IN[0]
WARNING: [Synth 8-3331] design blk_mem_gen_mux has unconnected port SBITERRIN[7]
WARNING: [Synth 8-3331] design blk_mem_gen_mux has unconnected port SBITERRIN[6]
WARNING: [Synth 8-3331] design blk_mem_gen_mux has unconnected port SBITERRIN[5]
WARNING: [Synth 8-3331] design blk_mem_gen_mux has unconnected port SBITERRIN[4]
WARNING: [Synth 8-3331] design blk_mem_gen_mux has unconnected port SBITERRIN[3]
WARNING: [Synth 8-3331] design blk_mem_gen_mux has unconnected port SBITERRIN[2]
WARNING: [Synth 8-3331] design blk_mem_gen_mux has unconnected port SBITERRIN[1]
WARNING: [Synth 8-3331] design blk_mem_gen_mux has unconnected port SBITERRIN[0]
WARNING: [Synth 8-3331] design blk_mem_gen_mux has unconnected port DBITERRIN[7]
WARNING: [Synth 8-3331] design blk_mem_gen_mux has unconnected port DBITERRIN[6]
WARNING: [Synth 8-3331] design blk_mem_gen_mux has unconnected port DBITERRIN[5]
WARNING: [Synth 8-3331] design blk_mem_gen_mux has unconnected port DBITERRIN[4]
WARNING: [Synth 8-3331] design blk_mem_gen_mux has unconnected port DBITERRIN[3]
WARNING: [Synth 8-3331] design blk_mem_gen_mux has unconnected port DBITERRIN[2]
WARNING: [Synth 8-3331] design blk_mem_gen_mux has unconnected port DBITERRIN[1]
WARNING: [Synth 8-3331] design blk_mem_gen_mux has unconnected port DBITERRIN[0]
WARNING: [Synth 8-3331] design blk_mem_gen_mux has unconnected port ECCPIPECE
WARNING: [Synth 8-3331] design blk_mem_gen_prim_wrapper__parameterized6 has unconnected port SSRA
WARNING: [Synth 8-3331] design blk_mem_gen_prim_wrapper__parameterized6 has unconnected port SSRB
WARNING: [Synth 8-3331] design blk_mem_gen_prim_wrapper__parameterized6 has unconnected port INJECTSBITERR
WARNING: [Synth 8-3331] design blk_mem_gen_prim_wrapper__parameterized6 has unconnected port INJECTDBITERR
WARNING: [Synth 8-3331] design blk_mem_gen_prim_wrapper__parameterized6 has unconnected port ECCPIPECE
WARNING: [Synth 8-3331] design blk_mem_gen_prim_wrapper__parameterized5 has unconnected port SSRA
WARNING: [Synth 8-3331] design blk_mem_gen_prim_wrapper__parameterized5 has unconnected port SSRB
WARNING: [Synth 8-3331] design blk_mem_gen_prim_wrapper__parameterized5 has unconnected port INJECTSBITERR
WARNING: [Synth 8-3331] design blk_mem_gen_prim_wrapper__parameterized5 has unconnected port INJECTDBITERR
WARNING: [Synth 8-3331] design blk_mem_gen_prim_wrapper__parameterized5 has unconnected port ECCPIPECE
WARNING: [Synth 8-3331] design blk_mem_gen_prim_wrapper__parameterized4 has unconnected port SSRA
WARNING: [Synth 8-3331] design blk_mem_gen_prim_wrapper__parameterized4 has unconnected port SSRB
WARNING: [Synth 8-3331] design blk_mem_gen_prim_wrapper__parameterized4 has unconnected port INJECTSBITERR
WARNING: [Synth 8-3331] design blk_mem_gen_prim_wrapper__parameterized4 has unconnected port INJECTDBITERR
WARNING: [Synth 8-3331] design blk_mem_gen_prim_wrapper__parameterized4 has unconnected port ECCPIPECE
WARNING: [Synth 8-3331] design blk_mem_gen_prim_wrapper__parameterized3 has unconnected port SSRA
WARNING: [Synth 8-3331] design blk_mem_gen_prim_wrapper__parameterized3 has unconnected port SSRB
WARNING: [Synth 8-3331] design blk_mem_gen_prim_wrapper__parameterized3 has unconnected port INJECTSBITERR
WARNING: [Synth 8-3331] design blk_mem_gen_prim_wrapper__parameterized3 has unconnected port INJECTDBITERR
WARNING: [Synth 8-3331] design blk_mem_gen_prim_wrapper__parameterized3 has unconnected port ECCPIPECE
WARNING: [Synth 8-3331] design blk_mem_gen_prim_wrapper__parameterized2 has unconnected port SSRA
WARNING: [Synth 8-3331] design blk_mem_gen_prim_wrapper__parameterized2 has unconnected port SSRB
WARNING: [Synth 8-3331] design blk_mem_gen_prim_wrapper__parameterized2 has unconnected port INJECTSBITERR
WARNING: [Synth 8-3331] design blk_mem_gen_prim_wrapper__parameterized2 has unconnected port INJECTDBITERR
WARNING: [Synth 8-3331] design blk_mem_gen_prim_wrapper__parameterized2 has unconnected port ECCPIPECE
WARNING: [Synth 8-3331] design blk_mem_gen_prim_wrapper__parameterized1 has unconnected port SSRA
INFO: [Common 17-14] Message 'Synth 8-3331' appears 100 times and further instances of the messages will be disabled. Use the Tcl command set_msg_config to change the current settings.
---------------------------------------------------------------------------------
Finished RTL Elaboration : Time (s): cpu = 00:01:43 ; elapsed = 00:02:02 . Memory (MB): peak = 739.027 ; gain = 364.422
---------------------------------------------------------------------------------

Report Check Netlist: 
+------+------------------+-------+---------+-------+------------------+
|      |Item              |Errors |Warnings |Status |Description       |
+------+------------------+-------+---------+-------+------------------+
|1     |multi_driven_nets |      0|        0|Passed |Multi driven nets |
+------+------------------+-------+---------+-------+------------------+
---------------------------------------------------------------------------------
Start Handling Custom Attributes
---------------------------------------------------------------------------------
---------------------------------------------------------------------------------
Finished Handling Custom Attributes : Time (s): cpu = 00:01:43 ; elapsed = 00:02:03 . Memory (MB): peak = 739.027 ; gain = 364.422
---------------------------------------------------------------------------------
---------------------------------------------------------------------------------
Finished RTL Optimization Phase 1 : Time (s): cpu = 00:01:43 ; elapsed = 00:02:03 . Memory (MB): peak = 739.027 ; gain = 364.422
---------------------------------------------------------------------------------
INFO: [Device 21-403] Loading part xczu7ev-ffvc1156-2-e
INFO: [Project 1-570] Preparing netlist for logic optimization

Processing XDC Constraints
Initializing timing engine
Parsing XDC File [d:/workspace/Vivado_2018.3/zcu104/fft2/fft2.srcs/sources_1/bd/system/ip/system_blk_mem_gen_2_0/system_blk_mem_gen_2_0_ooc.xdc] for cell 'U0'
Finished Parsing XDC File [d:/workspace/Vivado_2018.3/zcu104/fft2/fft2.srcs/sources_1/bd/system/ip/system_blk_mem_gen_2_0/system_blk_mem_gen_2_0_ooc.xdc] for cell 'U0'
Parsing XDC File [D:/workspace/Vivado_2018.3/zcu104/fft2/fft2.runs/system_blk_mem_gen_2_0_synth_1/dont_touch.xdc]
Finished Parsing XDC File [D:/workspace/Vivado_2018.3/zcu104/fft2/fft2.runs/system_blk_mem_gen_2_0_synth_1/dont_touch.xdc]
Completed Processing XDC Constraints

Netlist sorting complete. Time (s): cpu = 00:00:00 ; elapsed = 00:00:00 . Memory (MB): peak = 1629.598 ; gain = 0.000
INFO: [Project 1-111] Unisim Transformation Summary:
No Unisim elements were transformed.

Netlist sorting complete. Time (s): cpu = 00:00:00 ; elapsed = 00:00:00 . Memory (MB): peak = 1629.598 ; gain = 0.000
Constraint Validation Runtime : Time (s): cpu = 00:00:00 ; elapsed = 00:00:00.031 . Memory (MB): peak = 1629.598 ; gain = 0.000
---------------------------------------------------------------------------------
Finished Constraint Validation : Time (s): cpu = 00:02:00 ; elapsed = 00:02:23 . Memory (MB): peak = 1629.598 ; gain = 1254.992
---------------------------------------------------------------------------------
---------------------------------------------------------------------------------
Start Loading Part and Timing Information
---------------------------------------------------------------------------------
Loading part: xczu7ev-ffvc1156-2-e
INFO: [Synth 8-6742] Reading net delay rules and data
---------------------------------------------------------------------------------
Finished Loading Part and Timing Information : Time (s): cpu = 00:02:00 ; elapsed = 00:02:23 . Memory (MB): peak = 1629.598 ; gain = 1254.992
---------------------------------------------------------------------------------
---------------------------------------------------------------------------------
Start Applying 'set_property' XDC Constraints
---------------------------------------------------------------------------------
Applied set_property DONT_TOUCH = true for U0. (constraint file  D:/workspace/Vivado_2018.3/zcu104/fft2/fft2.runs/system_blk_mem_gen_2_0_synth_1/dont_touch.xdc, line 9).
---------------------------------------------------------------------------------
Finished applying 'set_property' XDC Constraints : Time (s): cpu = 00:02:00 ; elapsed = 00:02:23 . Memory (MB): peak = 1629.598 ; gain = 1254.992
---------------------------------------------------------------------------------
---------------------------------------------------------------------------------
Finished RTL Optimization Phase 2 : Time (s): cpu = 00:02:01 ; elapsed = 00:02:24 . Memory (MB): peak = 1629.598 ; gain = 1254.992
---------------------------------------------------------------------------------

Report RTL Partitions: 
+-+--------------+------------+----------+
| |RTL Partition |Replication |Instances |
+-+--------------+------------+----------+
+-+--------------+------------+----------+
---------------------------------------------------------------------------------
Start RTL Component Statistics 
---------------------------------------------------------------------------------
Detailed RTL Component Info : 
+---Registers : 
	                2 Bit    Registers := 2     
+---Muxes : 
	   4 Input     18 Bit        Muxes := 2     
	   2 Input      1 Bit        Muxes := 8     
---------------------------------------------------------------------------------
Finished RTL Component Statistics 
---------------------------------------------------------------------------------
---------------------------------------------------------------------------------
Start RTL Hierarchical Component Statistics 
---------------------------------------------------------------------------------
Hierarchical RTL Component report 
Module bindec 
Detailed RTL Component Info : 
+---Muxes : 
	   2 Input      1 Bit        Muxes := 4     
Module blk_mem_gen_mux 
Detailed RTL Component Info : 
+---Registers : 
	                2 Bit    Registers := 1     
+---Muxes : 
	   4 Input     18 Bit        Muxes := 1     
Module blk_mem_gen_mux__parameterized0 
Detailed RTL Component Info : 
+---Registers : 
	                2 Bit    Registers := 1     
+---Muxes : 
	   4 Input     18 Bit        Muxes := 1     
---------------------------------------------------------------------------------
Finished RTL Hierarchical Component Statistics
---------------------------------------------------------------------------------
---------------------------------------------------------------------------------
Start Part Resource Summary
---------------------------------------------------------------------------------
Part Resources:
DSPs: 1728 (col length:144)
BRAMs: 624 (col length: RAMB18 144 RAMB36 72)
---------------------------------------------------------------------------------
Finished Part Resource Summary
---------------------------------------------------------------------------------
---------------------------------------------------------------------------------
Start Cross Boundary and Area Optimization
---------------------------------------------------------------------------------
Warning: Parallel synthesis criteria is not met 
---------------------------------------------------------------------------------
Finished Cross Boundary and Area Optimization : Time (s): cpu = 00:02:02 ; elapsed = 00:02:25 . Memory (MB): peak = 1629.598 ; gain = 1254.992
---------------------------------------------------------------------------------

Report RTL Partitions: 
+-+--------------+------------+----------+
| |RTL Partition |Replication |Instances |
+-+--------------+------------+----------+
+-+--------------+------------+----------+
---------------------------------------------------------------------------------
Start Applying XDC Timing Constraints
---------------------------------------------------------------------------------
---------------------------------------------------------------------------------
Finished Applying XDC Timing Constraints : Time (s): cpu = 00:02:16 ; elapsed = 00:02:41 . Memory (MB): peak = 2052.184 ; gain = 1677.578
---------------------------------------------------------------------------------
---------------------------------------------------------------------------------
Start Timing Optimization
---------------------------------------------------------------------------------
---------------------------------------------------------------------------------
Finished Timing Optimization : Time (s): cpu = 00:02:16 ; elapsed = 00:02:41 . Memory (MB): peak = 2053.438 ; gain = 1678.832
---------------------------------------------------------------------------------

Report RTL Partitions: 
+-+--------------+------------+----------+
| |RTL Partition |Replication |Instances |
+-+--------------+------------+----------+
+-+--------------+------------+----------+
---------------------------------------------------------------------------------
Start Technology Mapping
---------------------------------------------------------------------------------
---------------------------------------------------------------------------------
Finished Technology Mapping : Time (s): cpu = 00:02:16 ; elapsed = 00:02:41 . Memory (MB): peak = 2065.215 ; gain = 1690.609
---------------------------------------------------------------------------------

Report RTL Partitions: 
+-+--------------+------------+----------+
| |RTL Partition |Replication |Instances |
+-+--------------+------------+----------+
+-+--------------+------------+----------+
---------------------------------------------------------------------------------
Start IO Insertion
---------------------------------------------------------------------------------
---------------------------------------------------------------------------------
Start Flattening Before IO Insertion
---------------------------------------------------------------------------------
---------------------------------------------------------------------------------
Finished Flattening Before IO Insertion
---------------------------------------------------------------------------------
---------------------------------------------------------------------------------
Start Final Netlist Cleanup
---------------------------------------------------------------------------------
---------------------------------------------------------------------------------
Finished Final Netlist Cleanup
---------------------------------------------------------------------------------
---------------------------------------------------------------------------------
Finished IO Insertion : Time (s): cpu = 00:02:17 ; elapsed = 00:02:42 . Memory (MB): peak = 2065.215 ; gain = 1690.609
---------------------------------------------------------------------------------

Report Check Netlist: 
+------+------------------+-------+---------+-------+------------------+
|      |Item              |Errors |Warnings |Status |Description       |
+------+------------------+-------+---------+-------+------------------+
|1     |multi_driven_nets |      0|        0|Passed |Multi driven nets |
+------+------------------+-------+---------+-------+------------------+
---------------------------------------------------------------------------------
Start Renaming Generated Instances
---------------------------------------------------------------------------------
---------------------------------------------------------------------------------
Finished Renaming Generated Instances : Time (s): cpu = 00:02:17 ; elapsed = 00:02:42 . Memory (MB): peak = 2065.215 ; gain = 1690.609
---------------------------------------------------------------------------------

Report RTL Partitions: 
+-+--------------+------------+----------+
| |RTL Partition |Replication |Instances |
+-+--------------+------------+----------+
+-+--------------+------------+----------+
---------------------------------------------------------------------------------
Start Rebuilding User Hierarchy
---------------------------------------------------------------------------------
---------------------------------------------------------------------------------
Finished Rebuilding User Hierarchy : Time (s): cpu = 00:02:17 ; elapsed = 00:02:42 . Memory (MB): peak = 2065.215 ; gain = 1690.609
---------------------------------------------------------------------------------
---------------------------------------------------------------------------------
Start Renaming Generated Ports
---------------------------------------------------------------------------------
---------------------------------------------------------------------------------
Finished Renaming Generated Ports : Time (s): cpu = 00:02:17 ; elapsed = 00:02:42 . Memory (MB): peak = 2065.215 ; gain = 1690.609
---------------------------------------------------------------------------------
---------------------------------------------------------------------------------
Start Handling Custom Attributes
---------------------------------------------------------------------------------
---------------------------------------------------------------------------------
Finished Handling Custom Attributes : Time (s): cpu = 00:02:17 ; elapsed = 00:02:42 . Memory (MB): peak = 2065.215 ; gain = 1690.609
---------------------------------------------------------------------------------
---------------------------------------------------------------------------------
Start Renaming Generated Nets
---------------------------------------------------------------------------------
---------------------------------------------------------------------------------
Finished Renaming Generated Nets : Time (s): cpu = 00:02:17 ; elapsed = 00:02:42 . Memory (MB): peak = 2065.215 ; gain = 1690.609
---------------------------------------------------------------------------------
---------------------------------------------------------------------------------
Start Writing Synthesis Report
---------------------------------------------------------------------------------

Report BlackBoxes: 
+-+--------------+----------+
| |BlackBox name |Instances |
+-+--------------+----------+
+-+--------------+----------+

Report Cell Usage: 
+------+---------+------+
|      |Cell     |Count |
+------+---------+------+
|1     |LUT3     |     8|
|2     |LUT6     |    36|
|3     |RAMB36E2 |     8|
|4     |FDRE     |     4|
+------+---------+------+

Report Instance Areas: 
+------+---------------------------------------------+-----------------------------------------+------+
|      |Instance                                     |Module                                   |Cells |
+------+---------------------------------------------+-----------------------------------------+------+
|1     |top                                          |                                         |    56|
|2     |  U0                                         |blk_mem_gen_v8_4_2                       |    56|
|3     |    inst_blk_mem_gen                         |blk_mem_gen_v8_4_2_synth                 |    56|
|4     |      \gnbram.gnativebmg.native_blk_mem_gen  |blk_mem_gen_top                          |    56|
|5     |        \valid.cstr                          |blk_mem_gen_generic_cstr                 |    56|
|6     |          \has_mux_a.A                       |blk_mem_gen_mux                          |    20|
|7     |          \has_mux_b.B                       |blk_mem_gen_mux__parameterized0          |    20|
|8     |          \bindec_a.bindec_inst_a            |bindec                                   |     3|
|9     |          \bindec_b.bindec_inst_b            |bindec_0                                 |     3|
|10    |          \ramloop[0].ram.r                  |blk_mem_gen_prim_width                   |     1|
|11    |            \prim_noinit.ram                 |blk_mem_gen_prim_wrapper                 |     1|
|12    |          \ramloop[1].ram.r                  |blk_mem_gen_prim_width__parameterized0   |     1|
|13    |            \prim_noinit.ram                 |blk_mem_gen_prim_wrapper__parameterized0 |     1|
|14    |          \ramloop[2].ram.r                  |blk_mem_gen_prim_width__parameterized1   |     1|
|15    |            \prim_noinit.ram                 |blk_mem_gen_prim_wrapper__parameterized1 |     1|
|16    |          \ramloop[3].ram.r                  |blk_mem_gen_prim_width__parameterized2   |     3|
|17    |            \prim_noinit.ram                 |blk_mem_gen_prim_wrapper__parameterized2 |     3|
|18    |          \ramloop[4].ram.r                  |blk_mem_gen_prim_width__parameterized3   |     1|
|19    |            \prim_noinit.ram                 |blk_mem_gen_prim_wrapper__parameterized3 |     1|
|20    |          \ramloop[5].ram.r                  |blk_mem_gen_prim_width__parameterized4   |     1|
|21    |            \prim_noinit.ram                 |blk_mem_gen_prim_wrapper__parameterized4 |     1|
|22    |          \ramloop[6].ram.r                  |blk_mem_gen_prim_width__parameterized5   |     1|
|23    |            \prim_noinit.ram                 |blk_mem_gen_prim_wrapper__parameterized5 |     1|
|24    |          \ramloop[7].ram.r                  |blk_mem_gen_prim_width__parameterized6   |     1|
|25    |            \prim_noinit.ram                 |blk_mem_gen_prim_wrapper__parameterized6 |     1|
+------+---------------------------------------------+-----------------------------------------+------+
---------------------------------------------------------------------------------
Finished Writing Synthesis Report : Time (s): cpu = 00:02:17 ; elapsed = 00:02:42 . Memory (MB): peak = 2065.215 ; gain = 1690.609
---------------------------------------------------------------------------------
Synthesis finished with 0 errors, 0 critical warnings and 136 warnings.
Synthesis Optimization Runtime : Time (s): cpu = 00:00:20 ; elapsed = 00:02:25 . Memory (MB): peak = 2065.215 ; gain = 800.039
Synthesis Optimization Complete : Time (s): cpu = 00:02:17 ; elapsed = 00:02:42 . Memory (MB): peak = 2065.215 ; gain = 1690.609
INFO: [Project 1-571] Translating synthesized netlist
INFO: [Project 1-570] Preparing netlist for logic optimization
INFO: [Opt 31-138] Pushed 0 inverter(s) to 0 load pin(s).
Netlist sorting complete. Time (s): cpu = 00:00:00 ; elapsed = 00:00:00 . Memory (MB): peak = 2101.262 ; gain = 0.000
INFO: [Project 1-111] Unisim Transformation Summary:
No Unisim elements were transformed.

INFO: [Common 17-83] Releasing license: Synthesis
14 Infos, 100 Warnings, 0 Critical Warnings and 0 Errors encountered.
synth_design completed successfully
synth_design: Time (s): cpu = 00:02:19 ; elapsed = 00:02:45 . Memory (MB): peak = 2101.262 ; gain = 1726.816
Netlist sorting complete. Time (s): cpu = 00:00:00 ; elapsed = 00:00:00 . Memory (MB): peak = 2101.262 ; gain = 0.000
WARNING: [Constraints 18-5210] No constraints selected for write.
Resolution: This message can indicate that there are no constraints for the design, or it can indicate that the used_in flags are set such that the constraints are ignored. This later case is used when running synth_design to not write synthesis constraints to the resulting checkpoint. Instead, project constraints are read when the synthesized design is opened.
INFO: [Common 17-1381] The checkpoint 'D:/workspace/Vivado_2018.3/zcu104/fft2/fft2.runs/system_blk_mem_gen_2_0_synth_1/system_blk_mem_gen_2_0.dcp' has been generated.
INFO: [Coretcl 2-1648] Added synthesis output to IP cache for IP system_blk_mem_gen_2_0, cache-ID = 779860c7ed3561e4
INFO: [Coretcl 2-1174] Renamed 24 cell refs.
Netlist sorting complete. Time (s): cpu = 00:00:00 ; elapsed = 00:00:00 . Memory (MB): peak = 2101.262 ; gain = 0.000
WARNING: [Constraints 18-5210] No constraints selected for write.
Resolution: This message can indicate that there are no constraints for the design, or it can indicate that the used_in flags are set such that the constraints are ignored. This later case is used when running synth_design to not write synthesis constraints to the resulting checkpoint. Instead, project constraints are read when the synthesized design is opened.
INFO: [Common 17-1381] The checkpoint 'D:/workspace/Vivado_2018.3/zcu104/fft2/fft2.runs/system_blk_mem_gen_2_0_synth_1/system_blk_mem_gen_2_0.dcp' has been generated.
INFO: [runtcl-4] Executing : report_utilization -file system_blk_mem_gen_2_0_utilization_synth.rpt -pb system_blk_mem_gen_2_0_utilization_synth.pb
INFO: [Common 17-206] Exiting Vivado at Mon Feb 11 02:15:33 2019...
