Copyright 1986-2018 Xilinx, Inc. All Rights Reserved.
----------------------------------------------------------------------------------------------------------------------------------------------------------------
| Tool Version     : Vivado v.2018.3 (win64) Build 2405991 Thu Dec  6 23:38:27 MST 2018
| Date             : Wed Mar  6 16:24:58 2019
| Host             : LAPTOP-N4P8E4G3 running 64-bit major release  (build 9200)
| Command          : report_power -file system_wrapper_power_routed.rpt -pb system_wrapper_power_summary_routed.pb -rpx system_wrapper_power_routed.rpx
| Design           : system_wrapper
| Device           : xczu7ev-ffvc1156-2-e
| Design State     : routed
| Grade            : extended
| Process          : typical
| Characterization : Production
----------------------------------------------------------------------------------------------------------------------------------------------------------------

Power Report

Table of Contents
-----------------
1. Summary
1.1 On-Chip Components
1.2 Power Supply Summary
1.3 Confidence Level
2. Settings
2.1 Environment
2.2 Clock Constraints
3. Detailed Reports
3.1 By Hierarchy

1. Summary
----------

+--------------------------+--------------+
| Total On-Chip Power (W)  | 3.515        |
| Design Power Budget (W)  | Unspecified* |
| Power Budget Margin (W)  | NA           |
| Dynamic (W)              | 2.800        |
| Device Static (W)        | 0.715        |
| Effective TJA (C/W)      | 1.0          |
| Max Ambient (C)          | 96.6         |
| Junction Temperature (C) | 28.4         |
| Confidence Level         | Low          |
| Setting File             | ---          |
| Simulation Activity File | ---          |
| Design Nets Matched      | NA           |
+--------------------------+--------------+
* Specify Design Power Budget using, set_operating_conditions -design_power_budget <value in Watts>


1.1 On-Chip Components
----------------------

+--------------------------+-----------+----------+-----------+-----------------+
| On-Chip                  | Power (W) | Used     | Available | Utilization (%) |
+--------------------------+-----------+----------+-----------+-----------------+
| Clocks                   |     0.047 |        3 |       --- |             --- |
| CLB Logic                |     0.026 |     8972 |       --- |             --- |
|   LUT as Logic           |     0.022 |     3410 |    230400 |            1.48 |
|   LUT as Distributed RAM |     0.002 |      168 |    101760 |            0.17 |
|   Register               |     0.002 |     4011 |    460800 |            0.87 |
|   LUT as Shift Register  |    <0.001 |       60 |    101760 |            0.06 |
|   CARRY8                 |    <0.001 |       13 |     28800 |            0.05 |
|   Others                 |     0.000 |      252 |       --- |             --- |
|   F7/F8 Muxes            |     0.000 |       24 |    230400 |            0.01 |
| Signals                  |     0.032 |     7169 |       --- |             --- |
| Block RAM                |     0.012 |        9 |       312 |            2.88 |
| I/O                      |     0.006 |       12 |       360 |            3.33 |
| PS8                      |     2.678 |        1 |       --- |             --- |
| Static Power             |     0.715 |          |           |                 |
|   PS Static              |     0.099 |          |           |                 |
|   PL Static              |     0.616 |          |           |                 |
| Total                    |     3.515 |          |           |                 |
+--------------------------+-----------+----------+-----------+-----------------+


1.2 Power Supply Summary
------------------------

+-----------------+-------------+-----------+-------------+------------+
| Source          | Voltage (V) | Total (A) | Dynamic (A) | Static (A) |
+-----------------+-------------+-----------+-------------+------------+
| Vccint          |       0.850 |     0.288 |       0.136 |      0.152 |
| Vccint_io       |       0.850 |     0.071 |       0.000 |      0.071 |
| Vccbram         |       0.850 |     0.002 |       0.000 |      0.002 |
| Vccaux          |       1.800 |     0.147 |       0.000 |      0.147 |
| Vccaux_io       |       1.800 |     0.056 |       0.001 |      0.055 |
| Vcco33          |       3.300 |     0.008 |       0.001 |      0.007 |
| Vcco25          |       2.500 |     0.000 |       0.000 |      0.000 |
| Vcco18          |       1.800 |     0.001 |       0.001 |      0.000 |
| Vcco15          |       1.500 |     0.000 |       0.000 |      0.000 |
| Vcco135         |       1.350 |     0.000 |       0.000 |      0.000 |
| Vcco12          |       1.200 |     0.000 |       0.000 |      0.000 |
| Vcco10          |       1.000 |     0.000 |       0.000 |      0.000 |
| Vccadc          |       1.800 |     0.008 |       0.000 |      0.008 |
| VCC_PSINTFP     |       0.850 |     1.071 |       1.036 |      0.035 |
| VCC_PSINTLP     |       0.850 |     0.275 |       0.268 |      0.007 |
| VPS_MGTRAVCC    |       0.850 |     0.139 |       0.138 |      0.001 |
| VCC_PSINTFP_DDR |       0.850 |     0.690 |       0.685 |      0.004 |
| VCC_PSPLL       |       1.200 |     0.073 |       0.071 |      0.002 |
| VPS_MGTRAVTT    |       1.800 |     0.034 |       0.033 |      0.001 |
| VCCO_PSDDR_504  |       1.200 |     0.620 |       0.586 |      0.034 |
| VCC_PSAUX       |       1.800 |     0.002 |       0.000 |      0.002 |
| VCC_PSBATT      |       1.200 |     0.000 |       0.000 |      0.000 |
| VCC_PSDDR_PLL   |       1.800 |     0.012 |       0.011 |      0.001 |
| VCCO_PSIO0_500  |       1.800 |     0.001 |       0.000 |      0.001 |
| VCCO_PSIO1_501  |       1.800 |     0.001 |       0.000 |      0.001 |
| VCCO_PSIO2_502  |       1.800 |     0.001 |       0.000 |      0.001 |
| VCCO_PSIO3_503  |       3.300 |     0.001 |       0.000 |      0.001 |
| VCC_PSADC       |       1.800 |     0.002 |       0.000 |      0.002 |
| VCCINT_VCU      |       0.900 |     0.027 |       0.000 |      0.027 |
| MGTAVcc         |       0.900 |     0.000 |       0.000 |      0.000 |
| MGTAVtt         |       1.200 |     0.000 |       0.000 |      0.000 |
| MGTVccaux       |       1.800 |     0.000 |       0.000 |      0.000 |
+-----------------+-------------+-----------+-------------+------------+


1.3 Confidence Level
--------------------

+-----------------------------+------------+--------------------------------------------------------+------------------------------------------------------------------------------------------------------------+
| User Input Data             | Confidence | Details                                                | Action                                                                                                     |
+-----------------------------+------------+--------------------------------------------------------+------------------------------------------------------------------------------------------------------------+
| Design implementation state | High       | Design is routed                                       |                                                                                                            |
| Clock nodes activity        | High       | User specified more than 95% of clocks                 |                                                                                                            |
| I/O nodes activity          | Low        | More than 75% of inputs are missing user specification | Provide missing input activity with simulation results or by editing the "By Resource Type -> I/Os" view   |
| Internal nodes activity     | Medium     | User specified less than 25% of internal nodes         | Provide missing internal nodes activity with simulation results or by editing the "By Resource Type" views |
| Device models               | High       | Device models are Production                           |                                                                                                            |
|                             |            |                                                        |                                                                                                            |
| Overall confidence level    | Low        |                                                        |                                                                                                            |
+-----------------------------+------------+--------------------------------------------------------+------------------------------------------------------------------------------------------------------------+


2. Settings
-----------

2.1 Environment
---------------

+-----------------------+--------------------------+
| Ambient Temp (C)      | 25.0                     |
| ThetaJA (C/W)         | 1.0                      |
| Airflow (LFM)         | 250                      |
| Heat Sink             | medium (Medium Profile)  |
| ThetaSA (C/W)         | 1.5                      |
| Board Selection       | medium (10"x10")         |
| # of Board Layers     | 12to15 (12 to 15 Layers) |
| Board Temperature (C) | 25.0                     |
+-----------------------+--------------------------+


2.2 Clock Constraints
---------------------

+----------+----------------------------------------------------+-----------------+
| Clock    | Domain                                             | Constraint (ns) |
+----------+----------------------------------------------------+-----------------+
| clk_pl_0 | system_i/zynq_ultra_ps_e_0/U0/pl_clk_unbuffered[0] |             3.3 |
+----------+----------------------------------------------------+-----------------+


3. Detailed Reports
-------------------

3.1 By Hierarchy
----------------

+-----------------------+-----------+
| Name                  | Power (W) |
+-----------------------+-----------+
| system_wrapper        |     2.800 |
|   system_i            |     2.793 |
|     axi_bram_ctrl_0   |     0.006 |
|       U0              |     0.006 |
|     axi_bram_ctrl_1   |     0.005 |
|       U0              |     0.005 |
|     axi_gpio_0        |     0.002 |
|       U0              |     0.002 |
|     blk_mem_gen_0     |     0.002 |
|       U0              |     0.002 |
|     pBlaze_0          |     0.009 |
|       U0              |     0.009 |
|     picoBlaze_prog0   |     0.010 |
|       U0              |     0.010 |
|     ps8_0_axi_periph  |     0.077 |
|       m00_couplers    |     0.023 |
|       m01_couplers    |     0.014 |
|       m02_couplers    |     0.014 |
|       xbar            |     0.027 |
|     zynq_ultra_ps_e_0 |     2.681 |
|       U0              |     2.681 |
+-----------------------+-----------+


